<html>
<body>
<pre>
<h1>Vision Build Log</h1>
<h2>Project:</h2>
D:\STUDY\School\Embedded\代码\流水灯\流水灯.uvproj
Project File Date:  01/11/2022

<h2>Output:</h2>
Build target '目标 1'
assembling STARTUP.A51...
linking...
*** WARNING L1: UNRESOLVED EXTERNAL SYMBOL
    SYMBOL:  ?C_START
    MODULE:  STARTUP.obj (?C_STARTUP)
*** WARNING L2: REFERENCE MADE TO UNRESOLVED EXTERNAL
    SYMBOL:  ?C_START
    MODULE:  STARTUP.obj (?C_STARTUP)
    ADDRESS: 000DH
Program Size: data=9.0 xdata=0 code=15
"流水灯" - 0 Error(s), 2 Warning(s).
Build target '目标 1'
assembling STARTUP.A51...
linking...
*** WARNING L1: UNRESOLVED EXTERNAL SYMBOL
    SYMBOL:  ?C_START
    MODULE:  STARTUP.obj (?C_STARTUP)
*** WARNING L2: REFERENCE MADE TO UNRESOLVED EXTERNAL
    SYMBOL:  ?C_START
    MODULE:  STARTUP.obj (?C_STARTUP)
    ADDRESS: 000DH
Program Size: data=9.0 xdata=0 code=15
"流水灯" - 0 Error(s), 2 Warning(s).
Build target '目标 1'
assembling STARTUP.A51...
linking...
*** WARNING L1: UNRESOLVED EXTERNAL SYMBOL
    SYMBOL:  ?C_START
    MODULE:  STARTUP.obj (?C_STARTUP)
*** WARNING L2: REFERENCE MADE TO UNRESOLVED EXTERNAL
    SYMBOL:  ?C_START
    MODULE:  STARTUP.obj (?C_STARTUP)
    ADDRESS: 000DH
Program Size: data=9.0 xdata=0 code=15
creating hex file from "流水灯"...
"流水灯" - 0 Error(s), 2 Warning(s).
Build target '目标 1'
assembling STARTUP.A51...
linking...
*** WARNING L1: UNRESOLVED EXTERNAL SYMBOL
    SYMBOL:  ?C_START
    MODULE:  STARTUP.obj (?C_STARTUP)
*** WARNING L2: REFERENCE MADE TO UNRESOLVED EXTERNAL
    SYMBOL:  ?C_START
    MODULE:  STARTUP.obj (?C_STARTUP)
    ADDRESS: 000DH
Program Size: data=9.0 xdata=0 code=15
creating hex file from "流水灯"...
"流水灯" - 0 Error(s), 2 Warning(s).
Build target '目标 1'
assembling STARTUP.A51...
linking...
*** WARNING L1: UNRESOLVED EXTERNAL SYMBOL
    SYMBOL:  ?C_START
    MODULE:  STARTUP.obj (?C_STARTUP)
*** WARNING L2: REFERENCE MADE TO UNRESOLVED EXTERNAL
    SYMBOL:  ?C_START
    MODULE:  STARTUP.obj (?C_STARTUP)
    ADDRESS: 000DH
Program Size: data=9.0 xdata=0 code=15
creating hex file from "流水灯"...
"流水灯" - 0 Error(s), 2 Warning(s).
Build target '目标 1'
assembling STARTUP.A51...
linking...
*** WARNING L1: UNRESOLVED EXTERNAL SYMBOL
    SYMBOL:  ?C_START
    MODULE:  STARTUP.obj (?C_STARTUP)
*** WARNING L2: REFERENCE MADE TO UNRESOLVED EXTERNAL
    SYMBOL:  ?C_START
    MODULE:  STARTUP.obj (?C_STARTUP)
    ADDRESS: 000DH
Program Size: data=9.0 xdata=0 code=15
creating hex file from "流水灯"...
"流水灯" - 0 Error(s), 2 Warning(s).
Build target '目标 1'
assembling STARTUP.A51...
linking...
*** WARNING L1: UNRESOLVED EXTERNAL SYMBOL
    SYMBOL:  ?C_START
    MODULE:  STARTUP.obj (?C_STARTUP)
*** WARNING L2: REFERENCE MADE TO UNRESOLVED EXTERNAL
    SYMBOL:  ?C_START
    MODULE:  STARTUP.obj (?C_STARTUP)
    ADDRESS: 000DH
Program Size: data=9.0 xdata=0 code=15
creating hex file from "流水灯"...
"流水灯" - 0 Error(s), 2 Warning(s).
Build target '目标 1'
assembling STARTUP.A51...
compiling LED.c...
LED.C(6): error C247: non-address/-constant initializer
目标未创建
Build target '目标 1'
assembling STARTUP.A51...
compiling LED.c...
LED.C(6): error C247: non-address/-constant initializer
目标未创建
Build target '目标 1'
assembling STARTUP.A51...
compiling LED.c...
LED.C(6): error C247: non-address/-constant initializer
目标未创建
Build target '目标 1'
assembling STARTUP.A51...
compiling LED.c...
linking...
Program Size: data=10.0 xdata=0 code=119
creating hex file from "流水灯"...
"流水灯" - 0 Error(s), 0 Warning(s).
Build target '目标 1'
assembling STARTUP.A51...
compiling LED.c...
linking...
*** WARNING L16: UNCALLED SEGMENT, IGNORED FOR OVERLAY PROCESS
    SEGMENT: ?PR?_DELAY?LED
Program Size: data=10.0 xdata=0 code=92
creating hex file from "流水灯"...
"流水灯" - 0 Error(s), 1 Warning(s).
Build target '目标 1'
assembling STARTUP.A51...
compiling LED.c...
linking...
*** WARNING L16: UNCALLED SEGMENT, IGNORED FOR OVERLAY PROCESS
    SEGMENT: ?PR?_DELAY?LED
Program Size: data=10.0 xdata=0 code=103
creating hex file from "流水灯"...
"流水灯" - 0 Error(s), 1 Warning(s).
Build target '目标 1'
assembling STARTUP.A51...
compiling LED.c...
linking...
*** WARNING L16: UNCALLED SEGMENT, IGNORED FOR OVERLAY PROCESS
    SEGMENT: ?PR?_DELAY?LED
Program Size: data=11.0 xdata=0 code=54
creating hex file from "流水灯"...
"流水灯" - 0 Error(s), 1 Warning(s).
Build target '目标 1'
assembling STARTUP.A51...
compiling LED.c...
linking...
*** WARNING L16: UNCALLED SEGMENT, IGNORED FOR OVERLAY PROCESS
    SEGMENT: ?PR?_DELAY?LED
Program Size: data=11.0 xdata=0 code=54
creating hex file from "流水灯"...
"流水灯" - 0 Error(s), 1 Warning(s).
Build target '目标 1'
assembling STARTUP.A51...
compiling LED.c...
linking...
*** WARNING L16: UNCALLED SEGMENT, IGNORED FOR OVERLAY PROCESS
    SEGMENT: ?PR?_DELAY?LED
Program Size: data=11.0 xdata=0 code=55
creating hex file from "流水灯"...
"流水灯" - 0 Error(s), 1 Warning(s).
Build target '目标 1'
assembling STARTUP.A51...
compiling LED.c...
linking...
*** WARNING L16: UNCALLED SEGMENT, IGNORED FOR OVERLAY PROCESS
    SEGMENT: ?PR?_DELAY?LED
Program Size: data=11.0 xdata=0 code=55
creating hex file from "流水灯"...
"流水灯" - 0 Error(s), 1 Warning(s).
Build target '目标 1'
assembling STARTUP.A51...
compiling LED.c...
linking...
*** WARNING L16: UNCALLED SEGMENT, IGNORED FOR OVERLAY PROCESS
    SEGMENT: ?PR?_DELAY?LED
Program Size: data=11.0 xdata=0 code=54
creating hex file from "流水灯"...
"流水灯" - 0 Error(s), 1 Warning(s).
Build target '目标 1'
compiling LED.c...
LED.C(39): error C141: syntax error near '='
LED.C(39): error C141: syntax error near '='
目标未创建
Build target '目标 1'
assembling STARTUP.A51...
compiling LED.c...
LED.C(39): error C141: syntax error near '='
LED.C(39): error C141: syntax error near '='
目标未创建
Build target '目标 1'
assembling STARTUP.A51...
compiling LED.c...
linking...
*** WARNING L16: UNCALLED SEGMENT, IGNORED FOR OVERLAY PROCESS
    SEGMENT: ?PR?_DELAY?LED
Program Size: data=11.0 xdata=0 code=55
creating hex file from "流水灯"...
"流水灯" - 0 Error(s), 1 Warning(s).
Build target '目标 1'
assembling STARTUP.A51...
compiling LED.c...
LED.C(46): error C141: syntax error near '}'
LED.C(47): error C141: syntax error near '/'
目标未创建
Build target '目标 1'
assembling STARTUP.A51...
compiling LED.c...
linking...
Program Size: data=10.0 xdata=0 code=112
creating hex file from "流水灯"...
"流水灯" - 0 Error(s), 0 Warning(s).
Build target '目标 1'
assembling STARTUP.A51...
compiling LED.c...
linking...
*** WARNING L16: UNCALLED SEGMENT, IGNORED FOR OVERLAY PROCESS
    SEGMENT: ?PR?_DELAY?LED
Program Size: data=10.0 xdata=0 code=92
creating hex file from "流水灯"...
"流水灯" - 0 Error(s), 1 Warning(s).
Build target '目标 1'
assembling STARTUP.A51...
compiling LED.c...
linking...
*** WARNING L16: UNCALLED SEGMENT, IGNORED FOR OVERLAY PROCESS
    SEGMENT: ?PR?_DELAY?LED
Program Size: data=10.0 xdata=0 code=100
creating hex file from "流水灯"...
"流水灯" - 0 Error(s), 1 Warning(s).
Build target '目标 1'
assembling STARTUP.A51...
compiling LED.c...
linking...
Program Size: data=10.0 xdata=0 code=102
creating hex file from "流水灯"...
"流水灯" - 0 Error(s), 0 Warning(s).
Build target '目标 1'
assembling STARTUP.A51...
compiling LED.c...
linking...
Program Size: data=12.0 xdata=0 code=88
creating hex file from "流水灯"...
"流水灯" - 0 Error(s), 0 Warning(s).
Build target '目标 1'
assembling STARTUP.A51...
compiling LED.c...
linking...
Program Size: data=12.0 xdata=0 code=78
creating hex file from "流水灯"...
"流水灯" - 0 Error(s), 0 Warning(s).
Build target '目标 1'
assembling STARTUP.A51...
compiling LED.c...
linking...
Program Size: data=12.0 xdata=0 code=70
creating hex file from "流水灯"...
"流水灯" - 0 Error(s), 0 Warning(s).
Build target '目标 1'
assembling STARTUP.A51...
compiling LED.c...
linking...
Program Size: data=12.0 xdata=0 code=88
creating hex file from "流水灯"...
"流水灯" - 0 Error(s), 0 Warning(s).
Build target '目标 1'
assembling STARTUP.A51...
compiling LED.c...
linking...
Program Size: data=12.0 xdata=0 code=130
creating hex file from "流水灯"...
"流水灯" - 0 Error(s), 0 Warning(s).
Build target '目标 1'
assembling STARTUP.A51...
compiling LED.c...
linking...
Program Size: data=12.0 xdata=0 code=130
creating hex file from "流水灯"...
"流水灯" - 0 Error(s), 0 Warning(s).
Build target '目标 1'
assembling STARTUP.A51...
compiling LED.c...
linking...
Program Size: data=12.0 xdata=0 code=130
creating hex file from "流水灯"...
"流水灯" - 0 Error(s), 0 Warning(s).
Build target '目标 1'
assembling STARTUP.A51...
compiling LED.c...
linking...
Program Size: data=12.0 xdata=0 code=70
creating hex file from "流水灯"...
"流水灯" - 0 Error(s), 0 Warning(s).
Build target '目标 1'
assembling STARTUP.A51...
compiling LED.c...
linking...
Program Size: data=12.0 xdata=0 code=88
creating hex file from "流水灯"...
"流水灯" - 0 Error(s), 0 Warning(s).
Build target '目标 1'
assembling STARTUP.A51...
compiling LED.c...
LED.C(51): warning C206: 'delya': missing function-prototype
LED.C(51): error C267: 'delya': requires ANSI-style prototype
目标未创建
Build target '目标 1'
assembling STARTUP.A51...
compiling LED.c...
LED.C(7): error C129: missing ';' before 'i'
目标未创建
Build target '目标 1'
assembling STARTUP.A51...
compiling LED.c...
LED.C(50): warning C206: 'delya': missing function-prototype
LED.C(50): error C267: 'delya': requires ANSI-style prototype
目标未创建
Build target '目标 1'
assembling STARTUP.A51...
compiling LED.c...
linking...
Program Size: data=9.0 xdata=0 code=118
creating hex file from "流水灯"...
"流水灯" - 0 Error(s), 0 Warning(s).
Build target '目标 1'
assembling STARTUP.A51...
compiling LED.c...
linking...
Program Size: data=9.0 xdata=0 code=111
creating hex file from "流水灯"...
"流水灯" - 0 Error(s), 0 Warning(s).
Build target '目标 1'
assembling STARTUP.A51...
compiling LED.c...
linking...
Program Size: data=9.0 xdata=0 code=121
creating hex file from "流水灯"...
"流水灯" - 0 Error(s), 0 Warning(s).
Build target '目标 1'
assembling STARTUP.A51...
compiling LED.c...
linking...
Program Size: data=9.0 xdata=0 code=121
creating hex file from "流水灯"...
"流水灯" - 0 Error(s), 0 Warning(s).
Build target '目标 1'
assembling STARTUP.A51...
compiling LED.c...
linking...
Program Size: data=9.0 xdata=0 code=99
creating hex file from "流水灯"...
"流水灯" - 0 Error(s), 0 Warning(s).
Build target '目标 1'
assembling STARTUP.A51...
compiling LED.c...
linking...
Program Size: data=9.0 xdata=0 code=104
creating hex file from "流水灯"...
"流水灯" - 0 Error(s), 0 Warning(s).
Build target '目标 1'
assembling STARTUP.A51...
compiling LED.c...
LED.C(71): error C141: syntax error near '}'
目标未创建
Build target '目标 1'
assembling STARTUP.A51...
compiling LED.c...
LED.C(71): error C141: syntax error near '}'
目标未创建
Build target '目标 1'
assembling STARTUP.A51...
compiling LED.c...
LED.C(71): error C141: syntax error near '}'
目标未创建
Build target '目标 1'
assembling STARTUP.A51...
compiling LED.c...
linking...
Program Size: data=11.0 xdata=0 code=82
creating hex file from "流水灯"...
"流水灯" - 0 Error(s), 0 Warning(s).
Build target '目标 1'
assembling STARTUP.A51...
compiling LED.c...
linking...
Program Size: data=11.0 xdata=0 code=81
creating hex file from "流水灯"...
"流水灯" - 0 Error(s), 0 Warning(s).
Build target '目标 1'
assembling STARTUP.A51...
compiling LED.c...
linking...
Program Size: data=11.0 xdata=0 code=78
creating hex file from "流水灯"...
"流水灯" - 0 Error(s), 0 Warning(s).
Build target '目标 1'
assembling STARTUP.A51...
compiling LED.c...
linking...
Program Size: data=9.0 xdata=0 code=108
creating hex file from "流水灯"...
"流水灯" - 0 Error(s), 0 Warning(s).
Build target '目标 1'
assembling STARTUP.A51...
compiling LED.c...
linking...
Program Size: data=9.0 xdata=0 code=111
creating hex file from "流水灯"...
"流水灯" - 0 Error(s), 0 Warning(s).
Build target '目标 1'
assembling STARTUP.A51...
compiling LED.c...
linking...
Program Size: data=9.0 xdata=0 code=111
creating hex file from "流水灯"...
"流水灯" - 0 Error(s), 0 Warning(s).
Build target '目标 1'
assembling STARTUP.A51...
compiling LED.c...
LED.C(72): error C141: syntax error near '/'
目标未创建
Build target '目标 1'
assembling STARTUP.A51...
compiling LED.c...
LED.C(7): error C129: missing ';' before 'i'
目标未创建
Build target '目标 1'
assembling STARTUP.A51...
compiling LED.c...
LED.C(7): error C129: missing ';' before 'i'
目标未创建
Build target '目标 1'
assembling STARTUP.A51...
compiling LED.c...
LED.C(75): error C141: syntax error near '/'
目标未创建
Build target '目标 1'
assembling STARTUP.A51...
compiling LED.c...
linking...
Program Size: data=11.0 xdata=0 code=131
creating hex file from "流水灯"...
"流水灯" - 0 Error(s), 0 Warning(s).
Build target '目标 1'
assembling STARTUP.A51...
compiling LED.c...
linking...
Program Size: data=11.0 xdata=0 code=131
creating hex file from "流水灯"...
"流水灯" - 0 Error(s), 0 Warning(s).
Build target '目标 1'
assembling STARTUP.A51...
compiling LED.c...
linking...
Program Size: data=11.0 xdata=0 code=131
creating hex file from "流水灯"...
"流水灯" - 0 Error(s), 0 Warning(s).
